May-24 13:37:57.652 [main] DEBUG nextflow.cli.Launcher - $> /home/efloden/bin/nextflow run main.nf
May-24 13:37:57.773 [main] INFO  nextflow.cli.CmdRun - N E X T F L O W  ~  version 0.24.4
May-24 13:37:57.784 [main] INFO  nextflow.cli.CmdRun - Launching `main.nf` [focused_bohr] - revision: f42fd0d120
May-24 13:37:57.796 [main] DEBUG nextflow.config.ConfigBuilder - Found config local: nextflow.config
May-24 13:37:57.799 [main] DEBUG nextflow.config.ConfigBuilder - Parsing config file: /home/efloden/projects/nf-module-demo/nextflow.config
May-24 13:37:58.139 [main] DEBUG nextflow.config.ConfigBuilder - Setting config profile: 'standard'
May-24 13:37:58.210 [main] DEBUG nextflow.Session - Session uuid: 132150b4-dd4d-43db-ac6a-7a462d39ebf0
May-24 13:37:58.211 [main] DEBUG nextflow.Session - Run name: focused_bohr
May-24 13:37:58.213 [main] DEBUG nextflow.Session - Executor pool size: 24
May-24 13:37:58.226 [main] DEBUG nextflow.cli.CmdRun - 
  Version: 0.24.4 build 4341
  Modified: 22-05-2017 11:18 UTC (13:18 CEST)
  System: Linux 4.4.0-78-generic
  Runtime: Groovy 2.4.10 on Java HotSpot(TM) 64-Bit Server VM 1.8.0_131-b11
  Encoding: UTF-8 (UTF-8)
  Process: 31345@fiji.crg.es [127.0.1.1]
  CPUs: 24 - Mem: 47.2 GB (40.1 GB) - Swap: 54.5 GB (54.5 GB)
May-24 13:37:58.251 [main] DEBUG nextflow.Session - Work-dir: /home/efloden/projects/nf-module-demo/work [ext2/ext3]
May-24 13:37:58.252 [main] DEBUG nextflow.Session - Script base path does not exist or is not a directory: /home/efloden/projects/nf-module-demo/bin
May-24 13:37:58.389 [main] DEBUG nextflow.Session - Session start invoked
May-24 13:37:58.393 [main] DEBUG nextflow.processor.TaskDispatcher - Dispatcher > start
May-24 13:37:58.393 [main] DEBUG nextflow.script.ScriptRunner - > Script parsing
May-24 13:37:58.560 [main] DEBUG nextflow.script.ScriptRunner - > Launching execution
May-24 13:37:58.583 [main] DEBUG nextflow.Channel - files for syntax: glob; folder: data/reads/; pattern: *.fastq; options: [:]
May-24 13:37:58.839 [main] DEBUG nextflow.processor.ProcessFactory - << taskConfig executor: null
May-24 13:37:58.839 [main] DEBUG nextflow.processor.ProcessFactory - >> processorType: 'local'
May-24 13:37:58.846 [main] DEBUG nextflow.executor.Executor - Initializing executor: local
May-24 13:37:58.848 [main] INFO  nextflow.executor.Executor - [warm up] executor > local
May-24 13:37:58.853 [main] DEBUG n.processor.LocalPollingMonitor - Creating local task monitor for executor 'local' > cpus=24; memory=47.2 GB; capacity=24; pollInterval=100ms; dumpInterval=5m
May-24 13:37:58.857 [main] DEBUG nextflow.processor.TaskDispatcher - Starting monitor: LocalPollingMonitor
May-24 13:37:58.858 [main] DEBUG n.processor.TaskPollingMonitor - >>> barrier register (monitor: local)
May-24 13:37:58.860 [main] DEBUG nextflow.executor.Executor - Invoke register for executor: local
May-24 13:37:58.894 [main] DEBUG nextflow.Session - >>> barrier register (process: index)
May-24 13:37:58.917 [main] DEBUG nextflow.processor.TaskProcessor - Creating operator > index -- maxForks: 24
May-24 13:37:58.953 [Actor Thread 1] DEBUG nextflow.processor.TaskProcessor - <index> Poison pill arrived
May-24 13:37:58.954 [main] DEBUG nextflow.processor.ProcessFactory - << taskConfig executor: null
May-24 13:37:58.954 [main] DEBUG nextflow.processor.ProcessFactory - >> processorType: 'local'
May-24 13:37:58.954 [main] DEBUG nextflow.executor.Executor - Initializing executor: local
May-24 13:37:58.955 [main] DEBUG nextflow.Session - >>> barrier register (process: mapping)
May-24 13:37:58.955 [Actor Thread 3] DEBUG nextflow.processor.StateObj - <index> State before poison: StateObj[submitted: 1; completed: 0; poisoned: false ]
May-24 13:37:58.965 [main] DEBUG nextflow.processor.TaskProcessor - Creating operator > mapping -- maxForks: 24
May-24 13:37:58.968 [main] DEBUG nextflow.script.ScriptRunner - > Await termination 
May-24 13:37:58.968 [main] DEBUG nextflow.Session - Session await
May-24 13:37:59.144 [Actor Thread 2] INFO  nextflow.Session - [62/4ba7fa] Submitted process > index (1)
May-24 13:37:59.147 [Actor Thread 1] DEBUG nextflow.processor.TaskProcessor - <index> After stop
May-24 13:37:59.197 [Thread-2] ERROR nextflow.processor.TaskProcessor - Error executing process > 'index (1)'

Caused by:
  Process `index (1)` terminated with an error exit status (127)

Command executed [/home/efloden/projects/nf-module-demo/modules/readMapping/components/index_kallisto.sh]:

  mkdir kallisto_index
  kallisto index -i transcriptome.index transcriptome.fa
  mv transcriptome.index kallisto_index/.

Command exit status:
  127

Command output:
  (empty)

Command error:
  .command.run: line 69: docker: command not found

Work dir:
  /home/efloden/projects/nf-module-demo/work/62/4ba7fa5632a6f9bc72f655a0945579

Tip: you can try to figure out what's wrong by changing to the process work dir and showing the script file named `.command.sh`
May-24 13:37:59.200 [Actor Thread 3] DEBUG nextflow.processor.TaskProcessor - <index> Sending poison pills and terminating process
May-24 13:37:59.201 [Thread-2] DEBUG nextflow.Session - Session aborted -- Cause: Process `index (1)` terminated with an error exit status (127)
May-24 13:37:59.202 [Actor Thread 1] DEBUG nextflow.processor.TaskProcessor - <mapping> Poison pill arrived
May-24 13:37:59.202 [Actor Thread 1] DEBUG nextflow.processor.TaskProcessor - <mapping> After stop
May-24 13:37:59.202 [Actor Thread 6] DEBUG nextflow.processor.StateObj - <mapping> State before poison: StateObj[submitted: 0; completed: 0; poisoned: false ]
May-24 13:37:59.203 [Actor Thread 6] DEBUG nextflow.processor.TaskProcessor - <mapping> Sending poison pills and terminating process
May-24 13:37:59.204 [Actor Thread 6] DEBUG nextflow.Session - <<< barrier arrive (process: mapping)
May-24 13:37:59.205 [Actor Thread 3] DEBUG nextflow.Session - <<< barrier arrive (process: index)
May-24 13:37:59.206 [main] DEBUG nextflow.Session - Session await > all process finished
May-24 13:37:59.207 [main] DEBUG nextflow.Session - Session await > all barriers passed
May-24 13:37:59.207 [Thread-2] DEBUG n.processor.TaskPollingMonitor - <<< barrier arrives (monitor: local)
May-24 13:37:59.283 [main] DEBUG nextflow.CacheDB - Closing CacheDB done
May-24 13:37:59.295 [main] DEBUG nextflow.script.ScriptRunner - > Execution complete -- Goodbye
